0    [main] INFO  org.eclipse.jetty.server.Server  – jetty-8.1.10.v20130312
18   [main] INFO  org.eclipse.jetty.deploy.providers.ScanningAppProvider  – Deployment monitor /home/helena/Documents/School/02/cs290/rubyProject/style/jetty/contexts at interval 0
21   [main] INFO  org.eclipse.jetty.deploy.DeploymentManager  – Deployable added: /home/helena/Documents/School/02/cs290/rubyProject/style/jetty/contexts/solr.xml
854  [main] INFO  org.eclipse.jetty.webapp.StandardDescriptorProcessor  – NO JSP Support for /solr, did not find org.apache.jasper.servlet.JspServlet
880  [main] INFO  org.apache.solr.servlet.SolrDispatchFilter  – SolrDispatchFilter.init()
892  [main] INFO  org.apache.solr.core.SolrResourceLoader  – JNDI not configured for solr (NoInitialContextEx)
892  [main] INFO  org.apache.solr.core.SolrResourceLoader  – using system property solr.solr.home: /home/helena/Documents/School/02/cs290/rubyProject/style/jetty/solr
893  [main] INFO  org.apache.solr.core.SolrResourceLoader  – new SolrResourceLoader for directory: '/home/helena/Documents/School/02/cs290/rubyProject/style/jetty/solr/'
894  [main] INFO  org.apache.solr.core.SolrResourceLoader  – Adding 'file:/home/helena/Documents/School/02/cs290/rubyProject/style/jetty/solr/lib/solr-analysis-extras-4.6.0.jar' to classloader
894  [main] INFO  org.apache.solr.core.SolrResourceLoader  – Adding 'file:/home/helena/Documents/School/02/cs290/rubyProject/style/jetty/solr/lib/contrib/' to classloader
895  [main] INFO  org.apache.solr.core.SolrResourceLoader  – Adding 'file:/home/helena/Documents/School/02/cs290/rubyProject/style/jetty/solr/lib/solr-clustering-4.6.0.jar' to classloader
895  [main] INFO  org.apache.solr.core.SolrResourceLoader  – Adding 'file:/home/helena/Documents/School/02/cs290/rubyProject/style/jetty/solr/lib/solr-langid-4.6.0.jar' to classloader
983  [main] INFO  org.apache.solr.core.ConfigSolr  – Loading container configuration from /home/helena/Documents/School/02/cs290/rubyProject/style/jetty/solr/solr.xml
1058 [main] INFO  org.apache.solr.core.CoreContainer  – New CoreContainer 1151092617
1058 [main] INFO  org.apache.solr.core.CoreContainer  – Loading cores into CoreContainer [instanceDir=/home/helena/Documents/School/02/cs290/rubyProject/style/jetty/solr/]
1058 [main] INFO  org.apache.solr.core.CoreContainer  – loading shared library: /home/helena/Documents/School/02/cs290/rubyProject/style/jetty/solr/lib
1060 [main] INFO  org.apache.solr.core.SolrResourceLoader  – Adding 'file:/home/helena/Documents/School/02/cs290/rubyProject/style/jetty/solr/lib/solr-analysis-extras-4.6.0.jar' to classloader
1060 [main] INFO  org.apache.solr.core.SolrResourceLoader  – Adding 'file:/home/helena/Documents/School/02/cs290/rubyProject/style/jetty/solr/lib/contrib/' to classloader
1060 [main] INFO  org.apache.solr.core.SolrResourceLoader  – Adding 'file:/home/helena/Documents/School/02/cs290/rubyProject/style/jetty/solr/lib/solr-clustering-4.6.0.jar' to classloader
1061 [main] INFO  org.apache.solr.core.SolrResourceLoader  – Adding 'file:/home/helena/Documents/School/02/cs290/rubyProject/style/jetty/solr/lib/solr-langid-4.6.0.jar' to classloader
1073 [main] INFO  org.apache.solr.handler.component.HttpShardHandlerFactory  – Setting socketTimeout to: 0
1073 [main] INFO  org.apache.solr.handler.component.HttpShardHandlerFactory  – Setting urlScheme to: http://
1073 [main] INFO  org.apache.solr.handler.component.HttpShardHandlerFactory  – Setting connTimeout to: 0
1073 [main] INFO  org.apache.solr.handler.component.HttpShardHandlerFactory  – Setting maxConnectionsPerHost to: 20
1073 [main] INFO  org.apache.solr.handler.component.HttpShardHandlerFactory  – Setting corePoolSize to: 0
1073 [main] INFO  org.apache.solr.handler.component.HttpShardHandlerFactory  – Setting maximumPoolSize to: 2147483647
1074 [main] INFO  org.apache.solr.handler.component.HttpShardHandlerFactory  – Setting maxThreadIdleTime to: 5
1074 [main] INFO  org.apache.solr.handler.component.HttpShardHandlerFactory  – Setting sizeOfQueue to: -1
1074 [main] INFO  org.apache.solr.handler.component.HttpShardHandlerFactory  – Setting fairnessPolicy to: false
1218 [main] INFO  org.apache.solr.logging.LogWatcher  – SLF4J impl is org.slf4j.impl.Log4jLoggerFactory
1219 [main] INFO  org.apache.solr.logging.LogWatcher  – Registering Log Listener [Log4j (org.slf4j.impl.Log4jLoggerFactory)]
1253 [coreLoadExecutor-3-thread-1] INFO  org.apache.solr.core.CoreContainer  – Creating SolrCore 'blacklight-core' using instanceDir: /home/helena/Documents/School/02/cs290/rubyProject/style/jetty/solr/blacklight-core
1253 [coreLoadExecutor-3-thread-2] INFO  org.apache.solr.core.CoreContainer  – Creating SolrCore 'blacklight-core-test' using instanceDir: /home/helena/Documents/School/02/cs290/rubyProject/style/jetty/solr/blacklight-core-test
1254 [coreLoadExecutor-3-thread-1] INFO  org.apache.solr.core.SolrResourceLoader  – new SolrResourceLoader for directory: '/home/helena/Documents/School/02/cs290/rubyProject/style/jetty/solr/blacklight-core/'
1254 [coreLoadExecutor-3-thread-2] INFO  org.apache.solr.core.SolrResourceLoader  – new SolrResourceLoader for directory: '/home/helena/Documents/School/02/cs290/rubyProject/style/jetty/solr/blacklight-core-test/'
1290 [coreLoadExecutor-3-thread-2] INFO  org.apache.solr.core.SolrConfig  – Adding specified lib dirs to ClassLoader
1290 [coreLoadExecutor-3-thread-1] INFO  org.apache.solr.core.SolrConfig  – Adding specified lib dirs to ClassLoader
1290 [coreLoadExecutor-3-thread-2] INFO  org.apache.solr.core.SolrResourceLoader  – Adding 'file:/home/helena/Documents/School/02/cs290/rubyProject/style/jetty/solr/lib/contrib/analysis-extras/lib/morfologik-fsa-1.7.1.jar' to classloader
1290 [coreLoadExecutor-3-thread-1] INFO  org.apache.solr.core.SolrResourceLoader  – Adding 'file:/home/helena/Documents/School/02/cs290/rubyProject/style/jetty/solr/lib/contrib/analysis-extras/lib/morfologik-fsa-1.7.1.jar' to classloader
1290 [coreLoadExecutor-3-thread-2] INFO  org.apache.solr.core.SolrResourceLoader  – Adding 'file:/home/helena/Documents/School/02/cs290/rubyProject/style/jetty/solr/lib/contrib/analysis-extras/lib/icu4j-49.1.jar' to classloader
1290 [coreLoadExecutor-3-thread-1] INFO  org.apache.solr.core.SolrResourceLoader  – Adding 'file:/home/helena/Documents/School/02/cs290/rubyProject/style/jetty/solr/lib/contrib/analysis-extras/lib/icu4j-49.1.jar' to classloader
1291 [coreLoadExecutor-3-thread-2] INFO  org.apache.solr.core.SolrResourceLoader  – Adding 'file:/home/helena/Documents/School/02/cs290/rubyProject/style/jetty/solr/lib/contrib/analysis-extras/lib/morfologik-polish-1.7.1.jar' to classloader
1291 [coreLoadExecutor-3-thread-1] INFO  org.apache.solr.core.SolrResourceLoader  – Adding 'file:/home/helena/Documents/School/02/cs290/rubyProject/style/jetty/solr/lib/contrib/analysis-extras/lib/morfologik-polish-1.7.1.jar' to classloader
1291 [coreLoadExecutor-3-thread-2] INFO  org.apache.solr.core.SolrResourceLoader  – Adding 'file:/home/helena/Documents/School/02/cs290/rubyProject/style/jetty/solr/lib/contrib/analysis-extras/lib/morfologik-stemming-1.7.1.jar' to classloader
1291 [coreLoadExecutor-3-thread-1] INFO  org.apache.solr.core.SolrResourceLoader  – Adding 'file:/home/helena/Documents/School/02/cs290/rubyProject/style/jetty/solr/lib/contrib/analysis-extras/lib/morfologik-stemming-1.7.1.jar' to classloader
1291 [coreLoadExecutor-3-thread-2] INFO  org.apache.solr.core.SolrResourceLoader  – Adding 'file:/home/helena/Documents/School/02/cs290/rubyProject/style/jetty/solr/lib/contrib/analysis-extras/lucene-libs/lucene-analyzers-morfologik-4.6.0.jar' to classloader
1291 [coreLoadExecutor-3-thread-1] INFO  org.apache.solr.core.SolrResourceLoader  – Adding 'file:/home/helena/Documents/School/02/cs290/rubyProject/style/jetty/solr/lib/contrib/analysis-extras/lucene-libs/lucene-analyzers-morfologik-4.6.0.jar' to classloader
1291 [coreLoadExecutor-3-thread-2] INFO  org.apache.solr.core.SolrResourceLoader  – Adding 'file:/home/helena/Documents/School/02/cs290/rubyProject/style/jetty/solr/lib/contrib/analysis-extras/lucene-libs/lucene-analyzers-icu-4.6.0.jar' to classloader
1292 [coreLoadExecutor-3-thread-1] INFO  org.apache.solr.core.SolrResourceLoader  – Adding 'file:/home/helena/Documents/School/02/cs290/rubyProject/style/jetty/solr/lib/contrib/analysis-extras/lucene-libs/lucene-analyzers-icu-4.6.0.jar' to classloader
1292 [coreLoadExecutor-3-thread-2] INFO  org.apache.solr.core.SolrResourceLoader  – Adding 'file:/home/helena/Documents/School/02/cs290/rubyProject/style/jetty/solr/lib/contrib/analysis-extras/lucene-libs/lucene-analyzers-smartcn-4.6.0.jar' to classloader
1292 [coreLoadExecutor-3-thread-1] INFO  org.apache.solr.core.SolrResourceLoader  – Adding 'file:/home/helena/Documents/School/02/cs290/rubyProject/style/jetty/solr/lib/contrib/analysis-extras/lucene-libs/lucene-analyzers-smartcn-4.6.0.jar' to classloader
1292 [coreLoadExecutor-3-thread-2] INFO  org.apache.solr.core.SolrResourceLoader  – Adding 'file:/home/helena/Documents/School/02/cs290/rubyProject/style/jetty/solr/lib/contrib/analysis-extras/lucene-libs/lucene-analyzers-stempel-4.6.0.jar' to classloader
1292 [coreLoadExecutor-3-thread-1] INFO  org.apache.solr.core.SolrResourceLoader  – Adding 'file:/home/helena/Documents/School/02/cs290/rubyProject/style/jetty/solr/lib/contrib/analysis-extras/lucene-libs/lucene-analyzers-stempel-4.6.0.jar' to classloader
1380 [coreLoadExecutor-3-thread-1] INFO  org.apache.solr.core.SolrConfig  – Using Lucene MatchVersion: LUCENE_40
1380 [coreLoadExecutor-3-thread-2] INFO  org.apache.solr.core.SolrConfig  – Using Lucene MatchVersion: LUCENE_40
1445 [coreLoadExecutor-3-thread-1] INFO  org.apache.solr.core.Config  – Loaded SolrConfig: solrconfig.xml
1445 [coreLoadExecutor-3-thread-2] INFO  org.apache.solr.core.Config  – Loaded SolrConfig: solrconfig.xml
1449 [coreLoadExecutor-3-thread-1] INFO  org.apache.solr.schema.IndexSchema  – Reading Solr Schema from schema.xml
1449 [coreLoadExecutor-3-thread-2] INFO  org.apache.solr.schema.IndexSchema  – Reading Solr Schema from schema.xml
1496 [coreLoadExecutor-3-thread-2] INFO  org.apache.solr.schema.IndexSchema  – [blacklight-core-test] Schema name=Blacklight Demo Index
1507 [coreLoadExecutor-3-thread-1] INFO  org.apache.solr.schema.IndexSchema  – [blacklight-core] Schema name=Blacklight Demo Index
1693 [coreLoadExecutor-3-thread-2] INFO  org.apache.solr.schema.IndexSchema  – default search field in schema is text
1693 [coreLoadExecutor-3-thread-2] INFO  org.apache.solr.schema.IndexSchema  – query parser default operator is OR
1694 [coreLoadExecutor-3-thread-2] INFO  org.apache.solr.schema.IndexSchema  – unique key field: id
1697 [coreLoadExecutor-3-thread-1] INFO  org.apache.solr.schema.IndexSchema  – default search field in schema is text
1698 [coreLoadExecutor-3-thread-1] INFO  org.apache.solr.schema.IndexSchema  – query parser default operator is OR
1698 [coreLoadExecutor-3-thread-1] INFO  org.apache.solr.schema.IndexSchema  – unique key field: id
1770 [coreLoadExecutor-3-thread-2] INFO  org.apache.solr.core.SolrCore  – solr.StandardDirectoryFactory
1770 [coreLoadExecutor-3-thread-1] INFO  org.apache.solr.core.SolrCore  – solr.StandardDirectoryFactory
1776 [coreLoadExecutor-3-thread-2] INFO  org.apache.solr.core.SolrCore  – [blacklight-core-test] Opening new SolrCore at /home/helena/Documents/School/02/cs290/rubyProject/style/jetty/solr/blacklight-core-test/, dataDir=/home/helena/Documents/School/02/cs290/rubyProject/style/jetty/solr/blacklight-core-test/data/
1776 [coreLoadExecutor-3-thread-1] INFO  org.apache.solr.core.SolrCore  – [blacklight-core] Opening new SolrCore at /home/helena/Documents/School/02/cs290/rubyProject/style/jetty/solr/blacklight-core/, dataDir=/home/helena/Documents/School/02/cs290/rubyProject/style/jetty/solr/blacklight-core/data/
1777 [coreLoadExecutor-3-thread-1] INFO  org.apache.solr.core.SolrCore  – JMX monitoring not detected for core: blacklight-core
1776 [coreLoadExecutor-3-thread-2] INFO  org.apache.solr.core.SolrCore  – JMX monitoring not detected for core: blacklight-core-test
1785 [coreLoadExecutor-3-thread-1] INFO  org.apache.solr.core.CachingDirectoryFactory  – return new directory for /home/helena/Documents/School/02/cs290/rubyProject/style/jetty/solr/blacklight-core/data
1785 [coreLoadExecutor-3-thread-2] INFO  org.apache.solr.core.CachingDirectoryFactory  – return new directory for /home/helena/Documents/School/02/cs290/rubyProject/style/jetty/solr/blacklight-core-test/data
1785 [coreLoadExecutor-3-thread-1] INFO  org.apache.solr.core.SolrCore  – New index directory detected: old=null new=/home/helena/Documents/School/02/cs290/rubyProject/style/jetty/solr/blacklight-core/data/index/
1786 [coreLoadExecutor-3-thread-2] INFO  org.apache.solr.core.SolrCore  – New index directory detected: old=null new=/home/helena/Documents/School/02/cs290/rubyProject/style/jetty/solr/blacklight-core-test/data/index/
1786 [coreLoadExecutor-3-thread-1] INFO  org.apache.solr.core.CachingDirectoryFactory  – return new directory for /home/helena/Documents/School/02/cs290/rubyProject/style/jetty/solr/blacklight-core/data/index
1786 [coreLoadExecutor-3-thread-2] WARN  org.apache.solr.core.SolrCore  – [blacklight-core-test] Solr index directory '/home/helena/Documents/School/02/cs290/rubyProject/style/jetty/solr/blacklight-core-test/data/index' doesn't exist. Creating new index...
1791 [coreLoadExecutor-3-thread-2] INFO  org.apache.solr.core.CachingDirectoryFactory  – return new directory for /home/helena/Documents/School/02/cs290/rubyProject/style/jetty/solr/blacklight-core-test/data/index
1853 [coreLoadExecutor-3-thread-1] INFO  org.apache.solr.core.SolrCore  – no updateRequestProcessorChain defined as default, creating implicit default
1856 [coreLoadExecutor-3-thread-1] INFO  org.apache.solr.core.RequestHandlers  – adding lazy requestHandler: solr.ReplicationHandler
1856 [coreLoadExecutor-3-thread-2] INFO  org.apache.solr.core.SolrCore  – SolrDeletionPolicy.onCommit: commits: num=1
	commit{dir=/home/helena/Documents/School/02/cs290/rubyProject/style/jetty/solr/blacklight-core-test/data/index,segFN=segments_1,generation=1}
1857 [coreLoadExecutor-3-thread-1] INFO  org.apache.solr.core.RequestHandlers  – created /replication: solr.ReplicationHandler
1857 [coreLoadExecutor-3-thread-2] INFO  org.apache.solr.core.SolrCore  – newest commit generation = 1
1858 [coreLoadExecutor-3-thread-2] INFO  org.apache.solr.core.SolrCore  – no updateRequestProcessorChain defined as default, creating implicit default
1858 [coreLoadExecutor-3-thread-1] INFO  org.apache.solr.core.RequestHandlers  – created standard: solr.StandardRequestHandler
1859 [coreLoadExecutor-3-thread-1] INFO  org.apache.solr.core.RequestHandlers  – adding lazy requestHandler: solr.FieldAnalysisRequestHandler
1859 [coreLoadExecutor-3-thread-2] INFO  org.apache.solr.core.RequestHandlers  – adding lazy requestHandler: solr.ReplicationHandler
1859 [coreLoadExecutor-3-thread-1] INFO  org.apache.solr.core.RequestHandlers  – created /analysis/field: solr.FieldAnalysisRequestHandler
1859 [coreLoadExecutor-3-thread-2] INFO  org.apache.solr.core.RequestHandlers  – created /replication: solr.ReplicationHandler
1859 [coreLoadExecutor-3-thread-2] INFO  org.apache.solr.core.RequestHandlers  – created standard: solr.StandardRequestHandler
1859 [coreLoadExecutor-3-thread-2] INFO  org.apache.solr.core.RequestHandlers  – adding lazy requestHandler: solr.FieldAnalysisRequestHandler
1860 [coreLoadExecutor-3-thread-2] INFO  org.apache.solr.core.RequestHandlers  – created /analysis/field: solr.FieldAnalysisRequestHandler
1861 [coreLoadExecutor-3-thread-1] INFO  org.apache.solr.core.RequestHandlers  – created /update: solr.UpdateRequestHandler
1861 [coreLoadExecutor-3-thread-2] INFO  org.apache.solr.core.RequestHandlers  – created /update: solr.UpdateRequestHandler
1862 [coreLoadExecutor-3-thread-1] INFO  org.apache.solr.core.RequestHandlers  – created /admin/: org.apache.solr.handler.admin.AdminHandlers
1862 [coreLoadExecutor-3-thread-2] INFO  org.apache.solr.core.RequestHandlers  – created /admin/: org.apache.solr.handler.admin.AdminHandlers
1863 [coreLoadExecutor-3-thread-1] INFO  org.apache.solr.core.RequestHandlers  – created /admin/ping: solr.PingRequestHandler
1863 [coreLoadExecutor-3-thread-2] INFO  org.apache.solr.core.RequestHandlers  – created /admin/ping: solr.PingRequestHandler
1867 [coreLoadExecutor-3-thread-1] INFO  org.apache.solr.core.RequestHandlers  – created search: solr.SearchHandler
1867 [coreLoadExecutor-3-thread-2] INFO  org.apache.solr.core.RequestHandlers  – created search: solr.SearchHandler
1868 [coreLoadExecutor-3-thread-1] INFO  org.apache.solr.core.RequestHandlers  – created document: solr.SearchHandler
1868 [coreLoadExecutor-3-thread-2] INFO  org.apache.solr.core.RequestHandlers  – created document: solr.SearchHandler
1868 [coreLoadExecutor-3-thread-1] INFO  org.apache.solr.core.RequestHandlers  – created advanced: solr.SearchHandler
1868 [coreLoadExecutor-3-thread-2] INFO  org.apache.solr.core.RequestHandlers  – created advanced: solr.SearchHandler
1878 [coreLoadExecutor-3-thread-1] INFO  org.apache.solr.handler.loader.XMLLoader  – xsltCacheLifetimeSeconds=60
1878 [coreLoadExecutor-3-thread-2] INFO  org.apache.solr.handler.loader.XMLLoader  – xsltCacheLifetimeSeconds=60
1885 [coreLoadExecutor-3-thread-2] INFO  org.apache.solr.core.SolrCore  – Hard AutoCommit: disabled
1885 [coreLoadExecutor-3-thread-1] INFO  org.apache.solr.core.SolrCore  – Hard AutoCommit: disabled
1886 [coreLoadExecutor-3-thread-2] INFO  org.apache.solr.core.SolrCore  – Soft AutoCommit: disabled
1886 [coreLoadExecutor-3-thread-1] INFO  org.apache.solr.core.SolrCore  – Soft AutoCommit: disabled
1889 [coreLoadExecutor-3-thread-2] INFO  org.apache.solr.core.SolrCore  – SolrDeletionPolicy.onInit: commits: num=1
	commit{dir=/home/helena/Documents/School/02/cs290/rubyProject/style/jetty/solr/blacklight-core-test/data/index,segFN=segments_1,generation=1}
1889 [coreLoadExecutor-3-thread-1] INFO  org.apache.solr.core.SolrCore  – SolrDeletionPolicy.onInit: commits: num=1
	commit{dir=/home/helena/Documents/School/02/cs290/rubyProject/style/jetty/solr/blacklight-core/data/index,segFN=segments_1,generation=1}
1890 [coreLoadExecutor-3-thread-1] INFO  org.apache.solr.core.SolrCore  – newest commit generation = 1
1890 [coreLoadExecutor-3-thread-2] INFO  org.apache.solr.core.SolrCore  – newest commit generation = 1
1894 [coreLoadExecutor-3-thread-1] INFO  org.apache.solr.search.SolrIndexSearcher  – Opening Searcher@7178b9e6 main
1894 [coreLoadExecutor-3-thread-2] INFO  org.apache.solr.search.SolrIndexSearcher  – Opening Searcher@2cf4e53d main
1897 [coreLoadExecutor-3-thread-1] INFO  org.apache.solr.handler.component.SpellCheckComponent  – Initializing spell checkers
1897 [coreLoadExecutor-3-thread-2] INFO  org.apache.solr.handler.component.SpellCheckComponent  – Initializing spell checkers
1904 [coreLoadExecutor-3-thread-1] INFO  org.apache.solr.handler.component.SpellCheckComponent  – Registering newSearcher listener for spellchecker: default
1905 [coreLoadExecutor-3-thread-1] INFO  org.apache.solr.handler.component.SpellCheckComponent  – Registering newSearcher listener for spellchecker: author
1906 [coreLoadExecutor-3-thread-1] INFO  org.apache.solr.handler.component.SpellCheckComponent  – Registering newSearcher listener for spellchecker: subject
1907 [coreLoadExecutor-3-thread-1] INFO  org.apache.solr.handler.component.SpellCheckComponent  – Registering newSearcher listener for spellchecker: title
1907 [coreLoadExecutor-3-thread-1] INFO  org.apache.solr.handler.component.SpellCheckComponent  – No queryConverter defined, using default converter
1922 [coreLoadExecutor-3-thread-1] INFO  org.apache.solr.core.CoreContainer  – registering core: blacklight-core
1922 [searcherExecutor-5-thread-1] INFO  org.apache.solr.core.SolrCore  – [blacklight-core] Registered new searcher Searcher@7178b9e6 main{StandardDirectoryReader(segments_1:1:nrt)}
1923 [coreLoadExecutor-3-thread-2] INFO  org.apache.solr.handler.component.SpellCheckComponent  – Registering newSearcher listener for spellchecker: default
1946 [coreLoadExecutor-3-thread-2] INFO  org.apache.solr.handler.component.SpellCheckComponent  – Registering newSearcher listener for spellchecker: author
1969 [coreLoadExecutor-3-thread-2] INFO  org.apache.solr.handler.component.SpellCheckComponent  – Registering newSearcher listener for spellchecker: subject
1991 [coreLoadExecutor-3-thread-2] INFO  org.apache.solr.handler.component.SpellCheckComponent  – Registering newSearcher listener for spellchecker: title
1991 [coreLoadExecutor-3-thread-2] INFO  org.apache.solr.handler.component.SpellCheckComponent  – No queryConverter defined, using default converter
1994 [searcherExecutor-4-thread-1] INFO  org.apache.solr.core.SolrCore  – [blacklight-core-test] Registered new searcher Searcher@2cf4e53d main{StandardDirectoryReader(segments_1:1:nrt)}
1994 [coreLoadExecutor-3-thread-2] INFO  org.apache.solr.core.CoreContainer  – registering core: blacklight-core-test
1997 [main] INFO  org.apache.solr.servlet.SolrDispatchFilter  – user.dir=/home/helena/Documents/School/02/cs290/rubyProject/style/jetty
1997 [main] INFO  org.apache.solr.servlet.SolrDispatchFilter  – SolrDispatchFilter.init() done
2025 [main] INFO  org.eclipse.jetty.server.AbstractConnector  – Started SocketConnector@0.0.0.0:8983
160406 [qtp2038359753-12] INFO  org.apache.solr.core.SolrCore  – UnInverted multi-valued field {field=lc_1letter_facet,memSize=4288,tindexSize=0,time=0,phase1=0,nTerms=0,bigTerms=0,termInstances=0,uses=0}
160407 [qtp2038359753-12] INFO  org.apache.solr.core.SolrCore  – UnInverted multi-valued field {field=lc_alpha_facet,memSize=4288,tindexSize=0,time=0,phase1=0,nTerms=0,bigTerms=0,termInstances=0,uses=0}
160407 [qtp2038359753-12] INFO  org.apache.solr.core.SolrCore  – UnInverted multi-valued field {field=lc_b4cutter_facet,memSize=4288,tindexSize=0,time=0,phase1=0,nTerms=0,bigTerms=0,termInstances=0,uses=0}
160408 [qtp2038359753-12] INFO  org.apache.solr.core.SolrCore  – UnInverted multi-valued field {field=language_facet,memSize=4288,tindexSize=0,time=0,phase1=0,nTerms=0,bigTerms=0,termInstances=0,uses=0}
160408 [qtp2038359753-12] INFO  org.apache.solr.core.SolrCore  – UnInverted multi-valued field {field=pub_date,memSize=4288,tindexSize=0,time=0,phase1=0,nTerms=0,bigTerms=0,termInstances=0,uses=0}
160408 [qtp2038359753-12] INFO  org.apache.solr.core.SolrCore  – UnInverted multi-valued field {field=subject_era_facet,memSize=4288,tindexSize=0,time=0,phase1=0,nTerms=0,bigTerms=0,termInstances=0,uses=0}
160408 [qtp2038359753-12] INFO  org.apache.solr.core.SolrCore  – UnInverted multi-valued field {field=subject_geo_facet,memSize=4288,tindexSize=0,time=0,phase1=0,nTerms=0,bigTerms=0,termInstances=0,uses=0}
160408 [qtp2038359753-12] INFO  org.apache.solr.core.SolrCore  – UnInverted multi-valued field {field=subject_topic_facet,memSize=4288,tindexSize=0,time=0,phase1=0,nTerms=0,bigTerms=0,termInstances=0,uses=0}
160410 [qtp2038359753-12] INFO  org.apache.solr.core.SolrCore  – [blacklight-core] webapp=/solr path=/select params={start=0&qt=search&wt=ruby&rows=10000} hits=0 status=0 QTime=43 
160421 [qtp2038359753-13] INFO  org.apache.solr.core.SolrCore  – [blacklight-core] webapp=/solr path=/select params={qt=search&wt=ruby&rows=10} hits=0 status=0 QTime=2 
243146 [qtp2038359753-12] INFO  org.apache.solr.core.SolrCore  – [blacklight-core] webapp=/solr path=/select params={start=0&qt=search&wt=ruby&rows=10000} hits=0 status=0 QTime=4 
243154 [qtp2038359753-13] INFO  org.apache.solr.core.SolrCore  – [blacklight-core] webapp=/solr path=/select params={qt=search&wt=ruby&rows=10} hits=0 status=0 QTime=3 
282921 [qtp2038359753-14] INFO  org.apache.solr.core.SolrCore  – [blacklight-core] webapp=/solr path=/select params={start=0&qt=search&wt=ruby&rows=10000} hits=0 status=0 QTime=3 
282927 [qtp2038359753-15] INFO  org.apache.solr.core.SolrCore  – [blacklight-core] webapp=/solr path=/select params={qt=search&wt=ruby&rows=10} hits=0 status=0 QTime=1 
300569 [qtp2038359753-11] INFO  org.apache.solr.core.SolrCore  – [blacklight-core] webapp=/solr path=/select params={start=0&qt=search&wt=ruby&rows=10000} hits=0 status=0 QTime=3 
300574 [qtp2038359753-12] INFO  org.apache.solr.core.SolrCore  – [blacklight-core] webapp=/solr path=/select params={qt=search&wt=ruby&rows=10} hits=0 status=0 QTime=2 
418041 [qtp2038359753-16] INFO  org.apache.solr.core.SolrCore  – [blacklight-core] webapp=/solr path=/select params={start=0&qf=title_text&qt=search&wt=ruby&rows=10000} hits=0 status=0 QTime=4 
418053 [qtp2038359753-18] INFO  org.apache.solr.core.SolrCore  – [blacklight-core] webapp=/solr path=/select params={qf=title_text&qt=search&wt=ruby&rows=10} hits=0 status=0 QTime=3 
423342 [qtp2038359753-14] INFO  org.apache.solr.core.SolrCore  – [blacklight-core] webapp=/solr path=/select params={start=0&qt=search&wt=ruby&rows=10000} hits=0 status=0 QTime=3 
423349 [qtp2038359753-15] INFO  org.apache.solr.core.SolrCore  – [blacklight-core] webapp=/solr path=/select params={qt=search&wt=ruby&rows=10} hits=0 status=0 QTime=2 
966916 [qtp2038359753-16] INFO  org.apache.solr.core.SolrCore  – [blacklight-core] webapp=/solr path=/select params={start=0&qt=search&wt=ruby&rows=10000} hits=0 status=0 QTime=3 
966923 [qtp2038359753-18] INFO  org.apache.solr.core.SolrCore  – [blacklight-core] webapp=/solr path=/select params={qt=search&wt=ruby&rows=10} hits=0 status=0 QTime=2 
1035697 [qtp2038359753-17] INFO  org.apache.solr.core.SolrCore  – [blacklight-core] webapp=/solr path=/select params={start=0&qt=search&wt=ruby&rows=10000} hits=0 status=0 QTime=2 
1035703 [qtp2038359753-19] INFO  org.apache.solr.core.SolrCore  – [blacklight-core] webapp=/solr path=/select params={qt=search&wt=ruby&rows=10} hits=0 status=0 QTime=1 
1049199 [qtp2038359753-11] INFO  org.apache.solr.core.SolrCore  – [blacklight-core] webapp=/solr path=/select params={start=0&qt=search&wt=ruby&rows=10000} hits=0 status=0 QTime=2 
1049209 [qtp2038359753-12] INFO  org.apache.solr.core.SolrCore  – [blacklight-core] webapp=/solr path=/select params={qt=search&wt=ruby&rows=10} hits=0 status=0 QTime=3 
1072354 [qtp2038359753-13] INFO  org.apache.solr.core.SolrCore  – [blacklight-core] webapp=/solr path=/select params={start=0&qt=search&wt=ruby&rows=10000} hits=0 status=0 QTime=3 
1072360 [qtp2038359753-14] INFO  org.apache.solr.core.SolrCore  – [blacklight-core] webapp=/solr path=/select params={qt=search&wt=ruby&rows=10} hits=0 status=0 QTime=1 
1345053 [qtp2038359753-11] INFO  org.apache.solr.core.SolrCore  – [blacklight-core] webapp=/solr path=/select params={start=0&qt=search&wt=ruby&rows=10000} hits=0 status=0 QTime=1 
1345058 [qtp2038359753-12] INFO  org.apache.solr.core.SolrCore  – [blacklight-core] webapp=/solr path=/select params={qt=search&wt=ruby&rows=10} hits=0 status=0 QTime=1 
1367292 [qtp2038359753-13] INFO  org.apache.solr.core.SolrCore  – [blacklight-core] webapp=/solr path=/select params={start=0&qt=search&wt=ruby&rows=10000} hits=0 status=0 QTime=2 
1367297 [qtp2038359753-14] INFO  org.apache.solr.core.SolrCore  – [blacklight-core] webapp=/solr path=/select params={qt=search&wt=ruby&rows=10} hits=0 status=0 QTime=1 
1639407 [qtp2038359753-11] INFO  org.apache.solr.core.SolrCore  – [blacklight-core] webapp=/solr path=/select params={start=0&qt=search&wt=ruby&rows=10000} hits=0 status=0 QTime=2 
1639422 [qtp2038359753-12] INFO  org.apache.solr.core.SolrCore  – [blacklight-core] webapp=/solr path=/select params={qt=search&wt=ruby&rows=10} hits=0 status=0 QTime=2 
1657580 [qtp2038359753-13] INFO  org.apache.solr.core.SolrCore  – [blacklight-core] webapp=/solr path=/select params={start=0&qt=search&wt=ruby&rows=10000} hits=0 status=0 QTime=1 
1657586 [qtp2038359753-14] INFO  org.apache.solr.core.SolrCore  – [blacklight-core] webapp=/solr path=/select params={qt=search&wt=ruby&rows=10} hits=0 status=0 QTime=2 
1733547 [qtp2038359753-15] INFO  org.apache.solr.core.SolrCore  – [blacklight-core] webapp=/solr path=/select params={start=0&qt=search&wt=ruby&rows=10000} hits=0 status=0 QTime=1 
1733561 [qtp2038359753-16] INFO  org.apache.solr.core.SolrCore  – [blacklight-core] webapp=/solr path=/select params={qt=search&wt=ruby&rows=10} hits=0 status=0 QTime=1 
1749262 [qtp2038359753-17] INFO  org.apache.solr.core.SolrCore  – [blacklight-core] webapp=/solr path=/select params={start=0&qt=search&wt=ruby&rows=10000} hits=0 status=0 QTime=1 
1749268 [qtp2038359753-19] INFO  org.apache.solr.core.SolrCore  – [blacklight-core] webapp=/solr path=/select params={qt=search&wt=ruby&rows=10} hits=0 status=0 QTime=2 
